2025-06-03 07:08:11,885 | ERROR | WebSocket | [WS] Erreur parsing trade : name 'logger' is not defined | Trade : {'feed': 'trade', 'product_id': 'PF_ETHUSD', 'uid': '34d75d08-9a7d-4d65-a684-c50040374b3d', 'side': 'buy', 'type': 'fill', 'seq': 949933, 'time': 1748927291349, 'qty': 0.699, 'price': 2603.6}
2025-06-03 07:08:11,891 | INFO | WebSocket | [WS] Bougie finalisée : {'symbol': 'PF_ETHUSD', 'timestamp': 1748927280, 'open': 2603.6892841176937, 'high': 2603.6892841176937, 'low': 2603.5, 'close': 2603.55, 'volume': 2.0460000000000003}
2025-06-03 07:08:12,009 | ERROR | WebSocket | [WS] Erreur parsing trade : name 'logger' is not defined | Trade : {'feed': 'trade', 'product_id': 'PF_ETHUSD', 'uid': '826fcec8-08e5-485c-83c6-446906335e35', 'side': 'buy', 'type': 'fill', 'seq': 949934, 'time': 1748927291350, 'qty': 1.283, 'price': 2603.6}
2025-06-03 07:08:12,010 | INFO | WebSocket | [WS] Bougie finalisée : {'symbol': 'PF_ETHUSD', 'timestamp': 1748927280, 'open': 2603.6196420588467, 'high': 2603.6196420588467, 'low': 2603.5, 'close': 2603.55, 'volume': 2.0460000000000003}
2025-06-03 07:08:12,125 | ERROR | WebSocket | [WS] Erreur parsing trade : name 'logger' is not defined | Trade : {'feed': 'trade', 'product_id': 'PF_ETHUSD', 'uid': 'bca43844-79b8-43e8-97be-649b24bbbc54', 'side': 'buy', 'type': 'fill', 'seq': 949935, 'time': 1748927291350, 'qty': 1.209, 'price': 2603.6}
2025-06-03 07:08:12,125 | INFO | WebSocket | [WS] Bougie finalisée : {'symbol': 'PF_ETHUSD', 'timestamp': 1748927280, 'open': 2603.5848210294234, 'high': 2603.6, 'low': 2603.5, 'close': 2603.55, 'volume': 2.0460000000000003}
2025-06-03 07:08:12,253 | ERROR | WebSocket | [WS] Erreur parsing trade : name 'logger' is not defined | Trade : {'feed': 'trade', 'product_id': 'PF_ETHUSD', 'uid': '3bf94e89-3585-4740-9b39-62b20e8b7c47', 'side': 'sell', 'type': 'fill', 'seq': 949936, 'time': 1748927291586, 'qty': 0.019, 'price': 2604.1}
2025-06-03 07:08:12,253 | INFO | WebSocket | [WS] Bougie finalisée : {'symbol': 'PF_ETHUSD', 'timestamp': 1748927280, 'open': 2603.567410514712, 'high': 2603.6, 'low': 2603.5, 'close': 2603.55, 'volume': 2.0460000000000003}
2025-06-03 07:08:12,374 | ERROR | WebSocket | [WS] Erreur parsing trade : name 'logger' is not defined | Trade : {'feed': 'trade', 'product_id': 'PF_ETHUSD', 'uid': '90b10b6b-9dba-42b1-8fa8-d36efc36f1e9', 'side': 'buy', 'type': 'fill', 'seq': 949937, 'time': 1748927291667, 'qty': 0.385, 'price': 2604.1}
2025-06-03 07:08:18,786 | INFO | WebSocket | [WS] Bougie finalisée : {'symbol': 'PF_ETHUSD', 'timestamp': 1748927280, 'open': 2603.558705257356, 'high': 2603.6, 'low': 2603.5, 'close': 2603.55, 'volume': 2.0460000000000003}
2025-06-03 07:08:18,911 | ERROR | WebSocket | [WS] Erreur parsing trade : name 'logger' is not defined | Trade : {'feed': 'trade', 'product_id': 'PF_ETHUSD', 'uid': '6d616047-b079-4d12-8a82-eb094f722a8d', 'side': 'buy', 'type': 'fill', 'seq': 949938, 'time': 1748927298470, 'qty': 0.395, 'price': 2603.8}
2025-06-03 07:08:21,005 | INFO | WebSocket | [WS] Bougie finalisée : {'symbol': 'PF_ETHUSD', 'timestamp': 1748927280, 'open': 2603.5543526286783, 'high': 2603.6, 'low': 2603.5, 'close': 2603.55, 'volume': 2.0460000000000003}
2025-06-03 07:08:21,135 | ERROR | WebSocket | [WS] Erreur parsing trade : name 'logger' is not defined | Trade : {'feed': 'trade', 'product_id': 'PF_ETHUSD', 'uid': '53276426-32f1-488c-865b-b947fed8c76e', 'side': 'buy', 'type': 'fill', 'seq': 949939, 'time': 1748927300692, 'qty': 0.395, 'price': 2603.5}
2025-06-03 07:08:27,488 | INFO | WebSocket | [WS] Bougie finalisée : {'symbol': 'PF_ETHUSD', 'timestamp': 1748927280, 'open': 2603.5521763143392, 'high': 2603.6, 'low': 2603.5, 'close': 2603.55, 'volume': 2.0460000000000003}
2025-06-03 07:08:37,202 | INFO | WebSocket | [WS] Bougie finalisée : {'symbol': 'PF_ETHUSD', 'timestamp': 1748927300, 'open': 2603.55108815717, 'high': 2603.55108815717, 'low': 2603.1, 'close': 2603.25, 'volume': 3.0159999999999996}
2025-06-03 07:08:37,355 | ERROR | WebSocket | [WS] Erreur parsing trade : name 'logger' is not defined | Trade : {'feed': 'trade', 'product_id': 'PF_ETHUSD', 'uid': 'b2dc3858-90a7-4937-83f1-0024242914a4', 'side': 'sell', 'type': 'fill', 'seq': 949947, 'time': 1748927316885, 'qty': 0.288, 'price': 2602.8}
2025-06-03 07:08:37,356 | INFO | WebSocket | [WS] Bougie finalisée : {'symbol': 'PF_ETHUSD', 'timestamp': 1748927300, 'open': 2603.400544078585, 'high': 2603.400544078585, 'low': 2603.1, 'close': 2603.25, 'volume': 3.0159999999999996}
2025-06-03 07:08:42,126 | INFO | WebSocket | [WS] Bougie finalisée : {'symbol': 'PF_ETHUSD', 'timestamp': 1748927310, 'open': 2603.3252720392925, 'high': 2603.3252720392925, 'low': 2602.8, 'close': 2602.8, 'volume': 0.256}
2025-06-03 07:08:50,906 | INFO | WebSocket | [WS] Bougie finalisée : {'symbol': 'PF_ETHUSD', 'timestamp': 1748927320, 'open': 2603.0626360196466, 'high': 2603.0626360196466, 'low': 2603.0, 'close': 2603.0, 'volume': 0.288}
2025-06-03 07:09:29,167 | INFO | WebSocket | [WS] Bougie finalisée : {'symbol': 'PF_ETHUSD', 'timestamp': 1748927330, 'open': 2603.0313180098233, 'high': 2603.2, 'low': 2602.7, 'close': 2602.95, 'volume': 0.8639999999999999}
2025-06-03 07:09:35,154 | INFO | WebSocket | [WS] Bougie finalisée : {'symbol': 'PF_ETHUSD', 'timestamp': 1748927360, 'open': 2602.9906590049113, 'high': 2602.9906590049113, 'low': 2602.7, 'close': 2602.7, 'volume': 0.042}
2025-06-03 07:09:43,346 | INFO | WebSocket | [WS] Bougie finalisée : {'symbol': 'PF_ETHUSD', 'timestamp': 1748927370, 'open': 2602.8453295024556, 'high': 2603.7, 'low': 2602.2, 'close': 2603.0499999999997, 'volume': 77.958}
2025-06-03 07:09:55,455 | INFO | WebSocket | [WS] Bougie finalisée : {'symbol': 'PF_ETHUSD', 'timestamp': 1748927380, 'open': 2602.9476647512274, 'high': 2603.6, 'low': 2602.9476647512274, 'close': 2603.45, 'volume': 0.9349999999999998}
2025-06-03 07:10:01,588 | INFO | WebSocket | [WS] Bougie finalisée : {'symbol': 'PF_ETHUSD', 'timestamp': 1748927390, 'open': 2603.1988323756136, 'high': 2603.6, 'low': 2603.1988323756136, 'close': 2603.55, 'volume': 0.576}
2025-06-03 07:10:21,009 | INFO | WebSocket | [WS] Bougie finalisée : {'symbol': 'PF_ETHUSD', 'timestamp': 1748927400, 'open': 2603.3744161878067, 'high': 2603.4, 'low': 2602.9, 'close': 2603.15, 'volume': 4.811}
2025-06-03 07:10:46,387 | INFO | WebSocket | [WS] Bougie finalisée : {'symbol': 'PF_ETHUSD', 'timestamp': 1748927420, 'open': 2603.2622080939036, 'high': 2603.2622080939036, 'low': 2602.2, 'close': 2602.3999999999996, 'volume': 3.2029999999999994}
2025-06-03 07:10:51,917 | INFO | WebSocket | [WS] Bougie finalisée : {'symbol': 'PF_ETHUSD', 'timestamp': 1748927440, 'open': 2602.8311040469516, 'high': 2602.8311040469516, 'low': 2601.9, 'close': 2602.0499999999997, 'volume': 10.475}
2025-06-03 07:11:15,373 | INFO | WebSocket | [WS] Bougie finalisée : {'symbol': 'PF_ETHUSD', 'timestamp': 1748927450, 'open': 2602.440552023476, 'high': 2602.440552023476, 'low': 2601.9, 'close': 2601.9, 'volume': 0.655}
2025-06-03 07:11:28,317 | INFO | WebSocket | [WS] Bougie finalisée : {'symbol': 'PF_ETHUSD', 'timestamp': 1748927470, 'open': 2602.1702760117378, 'high': 2602.1702760117378, 'low': 2601.5, 'close': 2601.65, 'volume': 2.7089999999999996}
2025-06-03 07:11:31,352 | INFO | WebSocket | [WS] Bougie finalisée : {'symbol': 'PF_ETHUSD', 'timestamp': 1748927480, 'open': 2601.910138005869, 'high': 2602.4, 'low': 2601.910138005869, 'close': 2602.4, 'volume': 0.288}
2025-06-03 07:12:01,445 | INFO | WebSocket | [WS] Bougie finalisée : {'symbol': 'PF_ETHUSD', 'timestamp': 1748927490, 'open': 2602.1550690029344, 'high': 2602.2, 'low': 2602.1550690029344, 'close': 2602.2, 'volume': 0.078}
2025-06-03 07:12:54,826 | INFO | WebSocket | [WS] Bougie finalisée : {'symbol': 'PF_ETHUSD', 'timestamp': 1748927520, 'open': 2602.177534501467, 'high': 2602.6, 'low': 2601.9, 'close': 2602.25, 'volume': 7.317}
2025-06-03 07:13:12,691 | INFO | WebSocket | [WS] Bougie finalisée : {'symbol': 'PF_ETHUSD', 'timestamp': 1748927570, 'open': 2602.2137672507333, 'high': 2602.8, 'low': 2602.2, 'close': 2602.35, 'volume': 59.096000000000004}
2025-06-03 07:13:38,942 | INFO | WebSocket | [WS] Bougie finalisée : {'symbol': 'PF_ETHUSD', 'timestamp': 1748927590, 'open': 2602.2818836253664, 'high': 2603.3, 'low': 2602.2818836253664, 'close': 2603.2, 'volume': 0.249}
2025-06-03 07:13:53,721 | INFO | WebSocket | [WS] Bougie finalisée : {'symbol': 'PF_ETHUSD', 'timestamp': 1748927610, 'open': 2602.740941812683, 'high': 2603.3, 'low': 2602.740941812683, 'close': 2603.3, 'volume': 0.288}
2025-06-03 07:14:10,180 | INFO | WebSocket | [WS] Bougie finalisée : {'symbol': 'PF_ETHUSD', 'timestamp': 1748927630, 'open': 2603.020470906342, 'high': 2604.3, 'low': 2603.020470906342, 'close': 2603.625, 'volume': 38.517}
2025-06-03 07:14:14,909 | INFO | WebSocket | [WS] Bougie finalisée : {'symbol': 'PF_ETHUSD', 'timestamp': 1748927640, 'open': 2603.322735453171, 'high': 2603.7, 'low': 2603.3, 'close': 2603.5, 'volume': 43.079}
2025-06-03 07:14:21,662 | INFO | WebSocket | [WS] Bougie finalisée : {'symbol': 'PF_ETHUSD', 'timestamp': 1748927650, 'open': 2603.4113677265855, 'high': 2603.4113677265855, 'low': 2603.1, 'close': 2603.1, 'volume': 0.518}
2025-06-03 07:14:41,471 | INFO | WebSocket | [WS] Bougie finalisée : {'symbol': 'PF_ETHUSD', 'timestamp': 1748927660, 'open': 2603.2556838632927, 'high': 2603.2556838632927, 'low': 2602.0, 'close': 2602.4, 'volume': 7.1450000000000005}
2025-06-03 07:14:58,568 | INFO | WebSocket | [WS] Bougie finalisée : {'symbol': 'PF_ETHUSD', 'timestamp': 1748927680, 'open': 2602.8278419316466, 'high': 2602.8278419316466, 'low': 2602.3, 'close': 2602.425, 'volume': 0.522}
2025-06-03 07:15:04,367 | INFO | WebSocket | [WS] Bougie finalisée : {'symbol': 'PF_ETHUSD', 'timestamp': 1748927690, 'open': 2602.6264209658234, 'high': 2603.1, 'low': 2602.6264209658234, 'close': 2603.1, 'volume': 0.23}
2025-06-03 07:15:15,499 | INFO | WebSocket | [WS] Bougie finalisée : {'symbol': 'PF_ETHUSD', 'timestamp': 1748927700, 'open': 2602.8632104829117, 'high': 2604.2, 'low': 2602.8632104829117, 'close': 2603.65, 'volume': 16.203}
2025-06-03 07:15:31,525 | INFO | WebSocket | [WS] Bougie finalisée : {'symbol': 'PF_ETHUSD', 'timestamp': 1748927710, 'open': 2603.256605241456, 'high': 2605.1, 'low': 2603.256605241456, 'close': 2604.85, 'volume': 14.003999999999998}
2025-06-03 07:15:42,527 | INFO | WebSocket | [WS] Bougie finalisée : {'symbol': 'PF_ETHUSD', 'timestamp': 1748927730, 'open': 2604.0533026207277, 'high': 2607.5, 'low': 2604.0533026207277, 'close': 2605.625, 'volume': 395.661}
2025-06-03 07:15:59,127 | INFO | WebSocket | [WS] Bougie finalisée : {'symbol': 'PF_ETHUSD', 'timestamp': 1748927740, 'open': 2604.839151310364, 'high': 2604.9, 'low': 2604.839151310364, 'close': 2604.9, 'volume': 0.23}
2025-06-03 07:16:20,464 | INFO | WebSocket | [WS] Bougie finalisée : {'symbol': 'PF_ETHUSD', 'timestamp': 1748927750, 'open': 2604.869575655182, 'high': 2605.0, 'low': 2604.8, 'close': 2604.9, 'volume': 0.956}
2025-06-03 07:16:33,952 | INFO | WebSocket | [WS] Bougie finalisée : {'symbol': 'PF_ETHUSD', 'timestamp': 1748927780, 'open': 2604.884787827591, 'high': 2605.5, 'low': 2604.884787827591, 'close': 2605.5, 'volume': 40.453}
2025-06-03 07:16:47,588 | INFO | WebSocket | [WS] Bougie finalisée : {'symbol': 'PF_ETHUSD', 'timestamp': 1748927790, 'open': 2605.1923939137955, 'high': 2605.1923939137955, 'low': 2604.3, 'close': 2604.7, 'volume': 2.723}
2025-06-03 07:17:12,688 | INFO | WebSocket | [WS] Bougie finalisée : {'symbol': 'PF_ETHUSD', 'timestamp': 1748927800, 'open': 2604.9461969568974, 'high': 2604.9461969568974, 'low': 2604.0, 'close': 2604.1, 'volume': 2.592}
2025-06-03 07:17:42,879 | INFO | WebSocket | [WS] Bougie finalisée : {'symbol': 'PF_ETHUSD', 'timestamp': 1748927830, 'open': 2604.5230984784484, 'high': 2604.5230984784484, 'low': 2604.0, 'close': 2604.0, 'volume': 0.057}
2025-06-03 07:17:51,724 | INFO | WebSocket | [WS] Bougie finalisée : {'symbol': 'PF_ETHUSD', 'timestamp': 1748927860, 'open': 2604.261549239224, 'high': 2604.4, 'low': 2604.261549239224, 'close': 2604.4, 'volume': 0.25}
2025-06-03 07:18:06,404 | INFO | WebSocket | [WS] Bougie finalisée : {'symbol': 'PF_ETHUSD', 'timestamp': 1748927870, 'open': 2604.3307746196124, 'high': 2604.7, 'low': 2604.3307746196124, 'close': 2604.6, 'volume': 1.4569999999999999}
2025-06-03 07:18:16,187 | INFO | WebSocket | [WS] Bougie finalisée : {'symbol': 'PF_ETHUSD', 'timestamp': 1748927880, 'open': 2604.465387309806, 'high': 2604.465387309806, 'low': 2604.0, 'close': 2604.05, 'volume': 0.344}
2025-06-03 07:18:24,308 | INFO | WebSocket | [WS] Bougie finalisée : {'symbol': 'PF_ETHUSD', 'timestamp': 1748927890, 'open': 2604.257693654903, 'high': 2604.257693654903, 'low': 2603.9, 'close': 2603.9, 'volume': 0.288}
2025-06-03 07:18:36,212 | INFO | WebSocket | [WS] Bougie finalisée : {'symbol': 'PF_ETHUSD', 'timestamp': 1748927900, 'open': 2604.0788468274513, 'high': 2604.9, 'low': 2604.0788468274513, 'close': 2604.75, 'volume': 1.163}
2025-06-03 07:18:41,372 | INFO | WebSocket | [WS] Bougie finalisée : {'symbol': 'PF_ETHUSD', 'timestamp': 1748927910, 'open': 2604.4144234137257, 'high': 2605.7, 'low': 2604.4144234137257, 'close': 2605.3999999999996, 'volume': 2.422}
2025-06-03 07:18:54,815 | INFO | WebSocket | [WS] Bougie finalisée : {'symbol': 'PF_ETHUSD', 'timestamp': 1748927920, 'open': 2604.9072117068627, 'high': 2605.8, 'low': 2604.9072117068627, 'close': 2605.6000000000004, 'volume': 0.7249999999999999}
2025-06-03 07:19:04,709 | INFO | WebSocket | [WS] Bougie finalisée : {'symbol': 'PF_ETHUSD', 'timestamp': 1748927930, 'open': 2605.2536058534315, 'high': 2605.6, 'low': 2605.2536058534315, 'close': 2605.6, 'volume': 0.115}
2025-06-03 07:19:15,929 | INFO | WebSocket | [WS] Bougie finalisée : {'symbol': 'PF_ETHUSD', 'timestamp': 1748927940, 'open': 2605.426802926716, 'high': 2605.9, 'low': 2605.426802926716, 'close': 2605.9, 'volume': 2.648}
2025-06-03 07:19:25,263 | INFO | WebSocket | [WS] Bougie finalisée : {'symbol': 'PF_ETHUSD', 'timestamp': 1748927950, 'open': 2605.6634014633582, 'high': 2605.6634014633582, 'low': 2604.9, 'close': 2605.0, 'volume': 2.648}
2025-06-03 07:19:33,197 | INFO | WebSocket | [WS] Bougie finalisée : {'symbol': 'PF_ETHUSD', 'timestamp': 1748927960, 'open': 2605.331700731679, 'high': 2605.331700731679, 'low': 2604.0, 'close': 2604.4, 'volume': 2.499}
2025-06-03 07:19:33,384 | ERROR | WebSocket | [WS] Erreur parsing trade : name 'logger' is not defined | Trade : {'feed': 'trade', 'product_id': 'PF_ETHUSD', 'uid': 'b4c5be38-1b18-481c-b457-62f8eeb4ace1', 'side': 'sell', 'type': 'fill', 'seq': 950251, 'time': 1748927972876, 'qty': 0.221, 'price': 2604.0}
2025-06-03 07:19:43,649 | INFO | WebSocket | [WS] Bougie finalisée : {'symbol': 'PF_ETHUSD', 'timestamp': 1748927960, 'open': 2604.86585036584, 'high': 2604.86585036584, 'low': 2604.0, 'close': 2604.4, 'volume': 2.499}
2025-06-03 07:20:01,291 | INFO | WebSocket | [WS] Bougie finalisée : {'symbol': 'PF_ETHUSD', 'timestamp': 1748927980, 'open': 2604.63292518292, 'high': 2604.63292518292, 'low': 2603.4, 'close': 2603.4, 'volume': 2.424}
2025-06-03 07:20:01,426 | ERROR | WebSocket | [WS] Erreur parsing trade : name 'logger' is not defined | Trade : {'feed': 'trade', 'product_id': 'PF_ETHUSD', 'uid': '57590dae-1aaf-4fa0-98fa-c7dba701e3ad', 'side': 'sell', 'type': 'fill', 'seq': 950256, 'time': 1748928000973, 'qty': 0.23, 'price': 2603.1}
2025-06-03 07:20:07,143 | INFO | WebSocket | [WS] Bougie finalisée : {'symbol': 'PF_ETHUSD', 'timestamp': 1748927980, 'open': 2604.0164625914604, 'high': 2604.0164625914604, 'low': 2603.4, 'close': 2603.4, 'volume': 2.424}
2025-06-03 07:20:07,274 | ERROR | WebSocket | [WS] Erreur parsing trade : name 'logger' is not defined | Trade : {'feed': 'trade', 'product_id': 'PF_ETHUSD', 'uid': '86af56bd-0699-4fd9-8910-15e59becc5c4', 'side': 'sell', 'type': 'fill', 'seq': 950257, 'time': 1748928006804, 'qty': 2.421, 'price': 2602.6}
2025-06-03 07:20:07,274 | INFO | WebSocket | [WS] Bougie finalisée : {'symbol': 'PF_ETHUSD', 'timestamp': 1748927980, 'open': 2603.70823129573, 'high': 2603.70823129573, 'low': 2603.4, 'close': 2603.4, 'volume': 2.424}
2025-06-03 07:20:07,409 | ERROR | WebSocket | [WS] Erreur parsing trade : name 'logger' is not defined | Trade : {'feed': 'trade', 'product_id': 'PF_ETHUSD', 'uid': '1dd56df4-2926-4ffa-a174-a542d1354f25', 'side': 'sell', 'type': 'fill', 'seq': 950258, 'time': 1748928006821, 'qty': 0.004, 'price': 2602.4}
2025-06-03 07:20:07,409 | INFO | WebSocket | [WS] Bougie finalisée : {'symbol': 'PF_ETHUSD', 'timestamp': 1748927980, 'open': 2603.554115647865, 'high': 2603.554115647865, 'low': 2603.4, 'close': 2603.4, 'volume': 2.424}
2025-06-03 07:20:07,549 | ERROR | WebSocket | [WS] Erreur parsing trade : name 'logger' is not defined | Trade : {'feed': 'trade', 'product_id': 'PF_ETHUSD', 'uid': '1d5ba482-64ff-49c9-b7b8-32775af6561f', 'side': 'sell', 'type': 'fill', 'seq': 950259, 'time': 1748928006821, 'qty': 0.288, 'price': 2602.4}
2025-06-03 07:20:07,549 | INFO | WebSocket | [WS] Bougie finalisée : {'symbol': 'PF_ETHUSD', 'timestamp': 1748927980, 'open': 2603.4770578239322, 'high': 2603.4770578239322, 'low': 2603.4, 'close': 2603.4, 'volume': 2.424}
2025-06-03 07:20:07,671 | ERROR | WebSocket | [WS] Erreur parsing trade : name 'logger' is not defined | Trade : {'feed': 'trade', 'product_id': 'PF_ETHUSD', 'uid': '42f5697c-d3c1-4e9a-b036-ce27ac4d572d', 'side': 'sell', 'type': 'fill', 'seq': 950260, 'time': 1748928006984, 'qty': 0.231, 'price': 2602.2}
2025-06-03 07:20:07,671 | INFO | WebSocket | [WS] Bougie finalisée : {'symbol': 'PF_ETHUSD', 'timestamp': 1748927980, 'open': 2603.4385289119664, 'high': 2603.4385289119664, 'low': 2603.4, 'close': 2603.4, 'volume': 2.424}
2025-06-03 07:20:21,139 | INFO | WebSocket | [WS] Bougie finalisée : {'symbol': 'PF_ETHUSD', 'timestamp': 1748928000, 'open': 2603.4192644559835, 'high': 2603.4192644559835, 'low': 2602.2, 'close': 2602.2, 'volume': 2.252}
2025-06-03 07:20:30,614 | INFO | WebSocket | [WS] Bougie finalisée : {'symbol': 'PF_ETHUSD', 'timestamp': 1748928020, 'open': 2602.8096322279916, 'high': 2602.8096322279916, 'low': 2601.9, 'close': 2601.9, 'volume': 0.288}
2025-06-03 07:21:02,490 | INFO | WebSocket | [WS] Bougie finalisée : {'symbol': 'PF_ETHUSD', 'timestamp': 1748928030, 'open': 2602.354816113996, 'high': 2602.354816113996, 'low': 2602.1, 'close': 2602.2, 'volume': 1.44}
2025-06-03 07:21:19,377 | INFO | WebSocket | [WS] Bougie finalisée : {'symbol': 'PF_ETHUSD', 'timestamp': 1748928060, 'open': 2602.277408056998, 'high': 2602.277408056998, 'low': 2601.7, 'close': 2601.75, 'volume': 2.7079999999999997}
2025-06-03 07:22:04,359 | INFO | WebSocket | [WS] Bougie finalisée : {'symbol': 'PF_ETHUSD', 'timestamp': 1748928070, 'open': 2602.013704028499, 'high': 2602.3, 'low': 2602.013704028499, 'close': 2602.3, 'volume': 1.0}
2025-06-03 07:22:13,731 | INFO | WebSocket | [WS] Bougie finalisée : {'symbol': 'PF_ETHUSD', 'timestamp': 1748928120, 'open': 2602.1568520142496, 'high': 2602.6, 'low': 2602.1568520142496, 'close': 2602.6, 'volume': 2.421}
2025-06-03 07:22:29,840 | INFO | WebSocket | [WS] Bougie finalisée : {'symbol': 'PF_ETHUSD', 'timestamp': 1748928130, 'open': 2602.3784260071247, 'high': 2603.1, 'low': 2602.3784260071247, 'close': 2603.1, 'volume': 0.23}
2025-06-03 07:22:54,611 | INFO | WebSocket | [WS] Bougie finalisée : {'symbol': 'PF_ETHUSD', 'timestamp': 1748928140, 'open': 2602.7392130035623, 'high': 2603.8, 'low': 2602.7392130035623, 'close': 2603.45, 'volume': 6.2330000000000005}
2025-06-03 07:23:17,279 | INFO | WebSocket | [WS] Bougie finalisée : {'symbol': 'PF_ETHUSD', 'timestamp': 1748928170, 'open': 2603.094606501781, 'high': 2603.6, 'low': 2603.094606501781, 'close': 2603.6, 'volume': 0.349}
2025-06-03 07:23:23,469 | INFO | WebSocket | [WS] Bougie finalisée : {'symbol': 'PF_ETHUSD', 'timestamp': 1748928190, 'open': 2603.3473032508905, 'high': 2603.5, 'low': 2602.8, 'close': 2603.2, 'volume': 49.35300000000001}
2025-06-03 07:24:10,526 | INFO | WebSocket | [WS] Bougie finalisée : {'symbol': 'PF_ETHUSD', 'timestamp': 1748928200, 'open': 2603.2736516254454, 'high': 2603.2736516254454, 'low': 2602.2, 'close': 2602.5, 'volume': 3.0509999999999997}
2025-06-03 07:24:40,958 | INFO | WebSocket | [WS] Bougie finalisée : {'symbol': 'PF_ETHUSD', 'timestamp': 1748928250, 'open': 2602.8868258127227, 'high': 2602.8868258127227, 'low': 2602.0, 'close': 2602.125, 'volume': 2.1229999999999998}
2025-06-03 07:24:55,846 | INFO | WebSocket | [WS] Bougie finalisée : {'symbol': 'PF_ETHUSD', 'timestamp': 1748928280, 'open': 2602.505912906361, 'high': 2602.8, 'low': 2602.2, 'close': 2602.475, 'volume': 1.17}
2025-06-03 07:25:17,241 | INFO | WebSocket | [WS] Bougie finalisée : {'symbol': 'PF_ETHUSD', 'timestamp': 1748928290, 'open': 2602.4904564531807, 'high': 2602.6, 'low': 2602.4904564531807, 'close': 2602.6, 'volume': 0.288}
2025-06-03 07:25:32,403 | INFO | WebSocket | [WS] Bougie finalisée : {'symbol': 'PF_ETHUSD', 'timestamp': 1748928310, 'open': 2602.5452282265906, 'high': 2602.5452282265906, 'low': 2602.5, 'close': 2602.5, 'volume': 0.605}
2025-06-03 07:26:15,724 | INFO | WebSocket | [WS] Bougie finalisée : {'symbol': 'PF_ETHUSD', 'timestamp': 1748928330, 'open': 2602.5226141132953, 'high': 2603.2, 'low': 2602.5226141132953, 'close': 2602.8999999999996, 'volume': 1.0070000000000001}
2025-06-03 07:27:02,639 | INFO | WebSocket | [WS] Bougie finalisée : {'symbol': 'PF_ETHUSD', 'timestamp': 1748928370, 'open': 2602.7113070566475, 'high': 2603.0, 'low': 2602.7113070566475, 'close': 2603.0, 'volume': 0.134}
2025-06-03 07:27:12,293 | INFO | WebSocket | [WS] Bougie finalisée : {'symbol': 'PF_ETHUSD', 'timestamp': 1748928420, 'open': 2602.8556535283237, 'high': 2603.3, 'low': 2602.8556535283237, 'close': 2603.3, 'volume': 0.019}
2025-06-03 07:27:30,380 | INFO | WebSocket | [WS] Bougie finalisée : {'symbol': 'PF_ETHUSD', 'timestamp': 1748928430, 'open': 2603.0778267641617, 'high': 2603.9, 'low': 2603.0778267641617, 'close': 2603.525, 'volume': 9.152999999999999}
2025-06-03 07:28:03,556 | INFO | WebSocket | [WS] Bougie finalisée : {'symbol': 'PF_ETHUSD', 'timestamp': 1748928450, 'open': 2603.3014133820807, 'high': 2604.1, 'low': 2603.3014133820807, 'close': 2603.95, 'volume': 1.678}
2025-06-03 07:28:20,096 | INFO | WebSocket | [WS] Bougie finalisée : {'symbol': 'PF_ETHUSD', 'timestamp': 1748928480, 'open': 2603.6257066910403, 'high': 2605.4, 'low': 2603.6257066910403, 'close': 2604.8, 'volume': 20.837}
2025-06-03 07:28:30,570 | INFO | WebSocket | [WS] Bougie finalisée : {'symbol': 'PF_ETHUSD', 'timestamp': 1748928490, 'open': 2604.21285334552, 'high': 2605.7, 'low': 2604.21285334552, 'close': 2605.6499999999996, 'volume': 0.164}
2025-06-03 07:28:46,006 | INFO | WebSocket | [WS] Bougie finalisée : {'symbol': 'PF_ETHUSD', 'timestamp': 1748928510, 'open': 2604.9314266727597, 'high': 2606.5, 'low': 2604.9314266727597, 'close': 2606.1, 'volume': 58.969}
2025-06-03 07:28:51,134 | INFO | WebSocket | [WS] Bougie finalisée : {'symbol': 'PF_ETHUSD', 'timestamp': 1748928520, 'open': 2605.51571333638, 'high': 2606.6, 'low': 2605.51571333638, 'close': 2606.275, 'volume': 2.37}
2025-06-03 07:29:04,002 | INFO | WebSocket | [WS] Bougie finalisée : {'symbol': 'PF_ETHUSD', 'timestamp': 1748928530, 'open': 2605.8953566681903, 'high': 2607.0, 'low': 2605.8953566681903, 'close': 2606.65, 'volume': 12.92}
2025-06-03 07:29:11,678 | INFO | WebSocket | [WS] Bougie finalisée : {'symbol': 'PF_ETHUSD', 'timestamp': 1748928540, 'open': 2606.272678334095, 'high': 2607.0, 'low': 2605.7, 'close': 2606.3, 'volume': 73.21299999999998}
2025-06-03 07:29:37,450 | INFO | WebSocket | [WS] Bougie finalisée : {'symbol': 'PF_ETHUSD', 'timestamp': 1748928550, 'open': 2606.2863391670476, 'high': 2606.2863391670476, 'low': 2605.4, 'close': 2605.6000000000004, 'volume': 0.754}
2025-06-03 07:30:07,871 | INFO | WebSocket | [WS] Bougie finalisée : {'symbol': 'PF_ETHUSD', 'timestamp': 1748928570, 'open': 2605.9431695835237, 'high': 2605.9431695835237, 'low': 2605.4, 'close': 2605.4, 'volume': 0.778}
2025-06-03 07:30:08,110 | ERROR | WebSocket | [WS] Erreur parsing trade : name 'logger' is not defined | Trade : {'feed': 'trade', 'product_id': 'PF_ETHUSD', 'uid': '46175b57-0a08-44c4-a6a2-4204e870c14c', 'side': 'buy', 'type': 'fill', 'seq': 950423, 'time': 1748928607548, 'qty': 0.287, 'price': 2606.1}
2025-06-03 07:30:16,764 | INFO | WebSocket | [WS] Bougie finalisée : {'symbol': 'PF_ETHUSD', 'timestamp': 1748928570, 'open': 2605.671584791762, 'high': 2605.671584791762, 'low': 2605.4, 'close': 2605.4, 'volume': 0.778}
2025-06-03 07:30:16,886 | ERROR | WebSocket | [WS] Erreur parsing trade : name 'logger' is not defined | Trade : {'feed': 'trade', 'product_id': 'PF_ETHUSD', 'uid': '8492e5bf-022f-4a8d-a1c1-cf9ef5c19bba', 'side': 'buy', 'type': 'fill', 'seq': 950424, 'time': 1748928616440, 'qty': 2.417, 'price': 2606.8}
2025-06-03 07:30:16,887 | INFO | WebSocket | [WS] Bougie finalisée : {'symbol': 'PF_ETHUSD', 'timestamp': 1748928570, 'open': 2605.535792395881, 'high': 2605.535792395881, 'low': 2605.4, 'close': 2605.4, 'volume': 0.778}
2025-06-03 07:30:17,014 | ERROR | WebSocket | [WS] Erreur parsing trade : name 'logger' is not defined | Trade : {'feed': 'trade', 'product_id': 'PF_ETHUSD', 'uid': '8ddb3331-e4a5-4b8e-9e1a-6d9e5825e7fe', 'side': 'buy', 'type': 'fill', 'seq': 950425, 'time': 1748928616440, 'qty': 0.23, 'price': 2606.8}
2025-06-03 07:30:17,015 | INFO | WebSocket | [WS] Bougie finalisée : {'symbol': 'PF_ETHUSD', 'timestamp': 1748928570, 'open': 2605.4678961979407, 'high': 2605.4678961979407, 'low': 2605.4, 'close': 2605.4, 'volume': 0.778}
2025-06-03 07:30:17,144 | ERROR | WebSocket | [WS] Erreur parsing trade : name 'logger' is not defined | Trade : {'feed': 'trade', 'product_id': 'PF_ETHUSD', 'uid': 'e116dec0-d2fc-45c1-9bcf-657c5a7a72e1', 'side': 'buy', 'type': 'fill', 'seq': 950426, 'time': 1748928616440, 'qty': 0.004, 'price': 2606.8}
2025-06-03 07:30:19,665 | INFO | WebSocket | [WS] Bougie finalisée : {'symbol': 'PF_ETHUSD', 'timestamp': 1748928570, 'open': 2605.43394809897, 'high': 2605.43394809897, 'low': 2605.4, 'close': 2605.4, 'volume': 0.778}
2025-06-03 07:30:19,805 | ERROR | WebSocket | [WS] Erreur parsing trade : name 'logger' is not defined | Trade : {'feed': 'trade', 'product_id': 'PF_ETHUSD', 'uid': '006a7013-a509-46fe-9078-60406128cd97', 'side': 'buy', 'type': 'fill', 'seq': 950427, 'time': 1748928619340, 'qty': 0.287, 'price': 2606.9}
2025-06-03 07:30:19,805 | INFO | WebSocket | [WS] Bougie finalisée : {'symbol': 'PF_ETHUSD', 'timestamp': 1748928570, 'open': 2605.4169740494854, 'high': 2605.4169740494854, 'low': 2605.4, 'close': 2605.4, 'volume': 0.778}
2025-06-03 07:30:19,963 | ERROR | WebSocket | [WS] Erreur parsing trade : name 'logger' is not defined | Trade : {'feed': 'trade', 'product_id': 'PF_ETHUSD', 'uid': '4fdf137b-33a5-4ef1-9d5c-645dd6d3c486', 'side': 'buy', 'type': 'fill', 'seq': 950428, 'time': 1748928619345, 'qty': 1.15, 'price': 2607.1}
2025-06-03 07:30:20,955 | INFO | WebSocket | [WS] Bougie finalisée : {'symbol': 'PF_ETHUSD', 'timestamp': 1748928570, 'open': 2605.4084870247425, 'high': 2605.4084870247425, 'low': 2605.4, 'close': 2605.4, 'volume': 0.778}
2025-06-03 07:30:21,183 | ERROR | WebSocket | [WS] Erreur parsing trade : name 'logger' is not defined | Trade : {'feed': 'trade', 'product_id': 'PF_ETHUSD', 'uid': '172e7fe3-c094-488c-ad50-7be70235d8ce', 'side': 'buy', 'type': 'fill', 'seq': 950429, 'time': 1748928620631, 'qty': 2.416, 'price': 2607.6}
2025-06-03 07:30:21,184 | INFO | WebSocket | [WS] Bougie finalisée : {'symbol': 'PF_ETHUSD', 'timestamp': 1748928570, 'open': 2605.404243512371, 'high': 2605.404243512371, 'low': 2605.4, 'close': 2605.4, 'volume': 0.778}
2025-06-03 07:30:34,510 | INFO | WebSocket | [WS] Bougie finalisée : {'symbol': 'PF_ETHUSD', 'timestamp': 1748928620, 'open': 2605.402121756186, 'high': 2607.8, 'low': 2605.402121756186, 'close': 2607.725, 'volume': 1.609}
2025-06-03 07:30:49,841 | INFO | WebSocket | [WS] Bougie finalisée : {'symbol': 'PF_ETHUSD', 'timestamp': 1748928630, 'open': 2606.563560878093, 'high': 2607.4, 'low': 2606.563560878093, 'close': 2607.4, 'volume': 2.606}
2025-06-03 07:30:54,873 | INFO | WebSocket | [WS] Bougie finalisée : {'symbol': 'PF_ETHUSD', 'timestamp': 1748928640, 'open': 2606.981780439047, 'high': 2606.981780439047, 'low': 2606.5, 'close': 2606.65, 'volume': 2.9339999999999997}
2025-06-03 07:31:02,555 | INFO | WebSocket | [WS] Bougie finalisée : {'symbol': 'PF_ETHUSD', 'timestamp': 1748928650, 'open': 2606.8158902195237, 'high': 2606.8158902195237, 'low': 2606.6, 'close': 2606.6, 'volume': 0.288}
2025-06-03 07:31:21,575 | INFO | WebSocket | [WS] Bougie finalisée : {'symbol': 'PF_ETHUSD', 'timestamp': 1748928660, 'open': 2606.7079451097616, 'high': 2607.2, 'low': 2606.2, 'close': 2606.6, 'volume': 1.4349999999999998}
2025-06-03 07:31:40,420 | INFO | WebSocket | [WS] Bougie finalisée : {'symbol': 'PF_ETHUSD', 'timestamp': 1748928680, 'open': 2606.653972554881, 'high': 2606.653972554881, 'low': 2606.4, 'close': 2606.4, 'volume': 0.287}
2025-06-03 07:32:14,938 | INFO | WebSocket | [WS] Bougie finalisée : {'symbol': 'PF_ETHUSD', 'timestamp': 1748928700, 'open': 2606.5269862774403, 'high': 2606.5269862774403, 'low': 2606.4, 'close': 2606.4, 'volume': 0.287}
2025-06-03 07:32:20,426 | INFO | WebSocket | [WS] Bougie finalisée : {'symbol': 'PF_ETHUSD', 'timestamp': 1748928730, 'open': 2606.46349313872, 'high': 2606.46349313872, 'low': 2605.6, 'close': 2605.75, 'volume': 2.939}
2025-06-03 07:32:20,584 | ERROR | WebSocket | [WS] Erreur parsing trade : name 'logger' is not defined | Trade : {'feed': 'trade', 'product_id': 'PF_ETHUSD', 'uid': '3cb96fb9-23dd-4837-97f0-267b7597397c', 'side': 'buy', 'type': 'fill', 'seq': 950450, 'time': 1748928740102, 'qty': 1.943, 'price': 2606.8}
2025-06-03 07:32:20,585 | INFO | WebSocket | [WS] Bougie finalisée : {'symbol': 'PF_ETHUSD', 'timestamp': 1748928730, 'open': 2606.10674656936, 'high': 2606.10674656936, 'low': 2605.6, 'close': 2605.75, 'volume': 2.939}
2025-06-03 07:32:20,713 | ERROR | WebSocket | [WS] Erreur parsing trade : name 'logger' is not defined | Trade : {'feed': 'trade', 'product_id': 'PF_ETHUSD', 'uid': '07f4f4d5-6515-4b68-b803-d9a65dca7b41', 'side': 'buy', 'type': 'fill', 'seq': 950451, 'time': 1748928740102, 'qty': 0.408, 'price': 2606.8}
2025-06-03 07:32:20,713 | INFO | WebSocket | [WS] Bougie finalisée : {'symbol': 'PF_ETHUSD', 'timestamp': 1748928730, 'open': 2605.9283732846798, 'high': 2605.9283732846798, 'low': 2605.6, 'close': 2605.75, 'volume': 2.939}
2025-06-03 07:32:38,156 | INFO | WebSocket | [WS] Bougie finalisée : {'symbol': 'PF_ETHUSD', 'timestamp': 1748928740, 'open': 2605.83918664234, 'high': 2607.7, 'low': 2605.83918664234, 'close': 2607.025, 'volume': 5.4830000000000005}
2025-06-03 07:32:53,928 | INFO | WebSocket | [WS] Bougie finalisée : {'symbol': 'PF_ETHUSD', 'timestamp': 1748928750, 'open': 2606.43209332117, 'high': 2606.6, 'low': 2606.43209332117, 'close': 2606.6, 'volume': 0.14}
2025-06-03 07:33:03,340 | INFO | WebSocket | [WS] Bougie finalisée : {'symbol': 'PF_ETHUSD', 'timestamp': 1748928770, 'open': 2606.516046660585, 'high': 2606.516046660585, 'low': 2604.9, 'close': 2605.4, 'volume': 5.319000000000001}
2025-06-03 07:33:25,842 | INFO | WebSocket | [WS] Bougie finalisée : {'symbol': 'PF_ETHUSD', 'timestamp': 1748928780, 'open': 2605.9580233302922, 'high': 2605.9580233302922, 'low': 2604.2, 'close': 2604.3999999999996, 'volume': 0.404}
2025-06-03 07:34:02,433 | INFO | WebSocket | [WS] Bougie finalisée : {'symbol': 'PF_ETHUSD', 'timestamp': 1748928800, 'open': 2605.179011665146, 'high': 2605.179011665146, 'low': 2604.5, 'close': 2604.6, 'volume': 2.167}
2025-06-03 07:34:16,473 | INFO | WebSocket | [WS] Bougie finalisée : {'symbol': 'PF_ETHUSD', 'timestamp': 1748928840, 'open': 2604.889505832573, 'high': 2605.9, 'low': 2604.889505832573, 'close': 2605.5, 'volume': 4.688000000000001}
2025-06-03 07:34:37,783 | INFO | WebSocket | [WS] Bougie finalisée : {'symbol': 'PF_ETHUSD', 'timestamp': 1748928850, 'open': 2605.1947529162862, 'high': 2606.7, 'low': 2605.1947529162862, 'close': 2606.6, 'volume': 1.46}
2025-06-03 07:34:44,877 | INFO | WebSocket | [WS] Bougie finalisée : {'symbol': 'PF_ETHUSD', 'timestamp': 1748928870, 'open': 2605.8973764581433, 'high': 2606.8, 'low': 2605.8973764581433, 'close': 2606.8, 'volume': 2.651}
2025-06-03 07:34:52,673 | INFO | WebSocket | [WS] Bougie finalisée : {'symbol': 'PF_ETHUSD', 'timestamp': 1748928880, 'open': 2606.3486882290717, 'high': 2607.6, 'low': 2606.3486882290717, 'close': 2607.6, 'volume': 4.333}
2025-06-03 07:35:00,834 | INFO | WebSocket | [WS] Bougie finalisée : {'symbol': 'PF_ETHUSD', 'timestamp': 1748928890, 'open': 2606.9743441145356, 'high': 2607.7, 'low': 2606.9743441145356, 'close': 2607.45, 'volume': 4.019}
2025-06-03 07:35:33,496 | INFO | WebSocket | [WS] Bougie finalisée : {'symbol': 'PF_ETHUSD', 'timestamp': 1748928900, 'open': 2607.2121720572677, 'high': 2607.9, 'low': 2607.2, 'close': 2607.65, 'volume': 5.074}
2025-06-03 07:35:42,252 | INFO | WebSocket | [WS] Bougie finalisée : {'symbol': 'PF_ETHUSD', 'timestamp': 1748928930, 'open': 2607.431086028634, 'high': 2607.7, 'low': 2607.431086028634, 'close': 2607.7, 'volume': 0.39499999999999996}
2025-06-03 11:15:00,285 | ERROR | WebSocket | WebSocket error : Connection to remote host was lost.
2025-06-03 11:15:00,287 | WARNING | WebSocket | Connexion WebSocket fermée.
